  • installing native dependencies  arch=x64
  • preparing       moduleName=@tensorflow/tfjs-node arch=x64
  • finished        moduleName=@tensorflow/tfjs-node arch=x64
  • preparing       moduleName=bufferutil arch=x64
  • finished        moduleName=bufferutil arch=x64
  • completed installing native dependencies
  • packaging       platform=win32 arch=x64 electron=40.4.1 appOutDir=electron-dist\win-unpacked
  • downloading     url=https://github.com/electron/electron/releases/download/v40.4.1/electron-v40.4.1-win32-x64.zip size=138 MB parts=8
  • downloaded      url=https://github.com/electron/electron/releases/download/v40.4.1/electron-v40.4.1-win32-x64.zip duration=424ms
  • searching for node modules  pm=npm searchDir=D:\a\Scan\Scan
  • updating asar integrity executable resource  executablePath=electron-dist\win-unpacked\SecureScanner.exe
  • downloading     url=https://github.com/electron-userland/electron-builder-binaries/releases/download/winCodeSign-2.6.0/winCodeSign-2.6.0.7z size=5.6 MB parts=1
  • downloaded      url=https://github.com/electron-userland/electron-builder-binaries/releases/download/winCodeSign-2.6.0/winCodeSign-2.6.0.7z duration=123ms
  • signing with signtool.exe  path=electron-dist\win-unpacked\SecureScanner.exe
  • building        target=nsis file=electron-dist\SecureScanner Setup 1.0.0.exe archs=x64 oneClick=true perMachine=false
  • downloading     url=https://github.com/electron-userland/electron-builder-binaries/releases/download/nsis-3.0.4.1/nsis-3.0.4.1.7z size=1.3 MB parts=1
  • downloaded      url=https://github.com/electron-userland/electron-builder-binaries/releases/download/nsis-3.0.4.1/nsis-3.0.4.1.7z duration=96ms
  • signing with signtool.exe  path=electron-dist\win-unpacked\resources\elevate.exe
  • downloading     url=https://github.com/electron-userland/electron-builder-binaries/releases/download/nsis-resources-3.4.1/nsis-resources-3.4.1.7z size=731 kB parts=1
  • downloaded      url=https://github.com/electron-userland/electron-builder-binaries/releases/download/nsis-resources-3.4.1/nsis-resources-3.4.1.7z duration=93ms
  ⨯ C:\Users\runneradmin\AppData\Local\electron-builder\Cache\nsis\nsis-3.0.4.1-nsis-3.0.4.1\Bin\makensis.exe process failed ERR_ELECTRON_BUILDER_CANNOT_EXECUTE
Exit code:
1
Output:
Command line defined: "APP_ID=com.securescanner.app"
Command line defined: "APP_GUID=115b86e5-ec45-5eae-b4f1-495cc2ae92b5"
Command line defined: "UNINSTALL_APP_KEY=115b86e5-ec45-5eae-b4f1-495cc2ae92b5"
Command line defined: "PRODUCT_NAME=SecureScanner"
Command line defined: "PRODUCT_FILENAME=SecureScanner"
Command line defined: "APP_FILENAME=rest-express"
Command line defined: "APP_DESCRIPTION="
Command line defined: "VERSION=1.0.0"
Command line defined: "PROJECT_DIR=D:\a\Scan\Scan"
Command line defined: "BUILD_RESOURCES_DIR=D:\a\Scan\Scan\build"
Command line defined: "APP_PACKAGE_NAME=rest-express"
Command line defined: "MUI_ICON=D:\a\Scan\Scan\dist\public\logo.png"
Command line defined: "MUI_UNICON=D:\a\Scan\Scan\dist\public\logo.png"
Command line defined: "APP_64=D:\a\Scan\Scan\electron-dist\rest-express-1.0.0-x64.nsis.7z"
Command line defined: "APP_64_NAME=rest-express-1.0.0-x64.nsis.7z"
Command line defined: "APP_64_HASH=99A1DDC707860FC590D5EDE046463D40B48028D2E2C7702EE7DDD506E75D18A7216F41A40C57E724B0CD5EB77B900A86251AEDBEF75DE83C05873848350BCABF"
Command line defined: "APP_64_UNPACKED_SIZE=1162636"
Command line defined: "APP_PRODUCT_FILENAME=SecureScanner"
Command line defined: "APP_INSTALLER_STORE_FILE=rest-express-updater\installer.exe"
Command line defined: "COMPRESSION_METHOD=7z"
Command line defined: "ONE_CLICK"
Command line defined: "RUN_AFTER_FINISH"
Command line defined: "SHORTCUT_NAME=SecureScanner"
Command line defined: "UNINSTALL_DISPLAY_NAME=SecureScanner 1.0.0"
Command line defined: "HEADER_ICO=D:\a\Scan\Scan\dist\public\logo.png"
Command line defined: "UNINSTALLER_ICON=D:\a\Scan\Scan\dist\public\logo.png"
Command line defined: "ESTIMATED_SIZE=1364321"
Command line defined: "COMPRESS=auto"
Command line defined: "BUILD_UNINSTALLER"
Command line defined: "UNINSTALLER_OUT_FILE=D:\a\Scan\Scan\electron-dist\SecureScanner Setup 1.0.0.__uninstaller.exe"
Processing config: C:\Users\runneradmin\AppData\Local\electron-builder\Cache\nsis\nsis-3.0.4.1-nsis-3.0.4.1\nsisconf.nsh
Processing script file: "<stdin>" (UTF8)
Error output:
Error while loading icon from "D:\a\Scan\Scan\dist\public\logo.png": invalid icon file
Error in macro MUI_INTERFACE on macroline 87
Error in macro MUI_PAGE_INIT on macroline 7
Error in macro MUI_PAGE_INSTFILES on macroline 5
!include: error in script: "oneClick.nsh" on line 8
Error in script "<stdin>" on line 114 -- aborting creation process
  failedTask=build stackTrace=Error: C:\Users\runneradmin\AppData\Local\electron-builder\Cache\nsis\nsis-3.0.4.1-nsis-3.0.4.1\Bin\makensis.exe process failed ERR_ELECTRON_BUILDER_CANNOT_EXECUTE
Exit code:
1
Output:
Command line defined: "APP_ID=com.securescanner.app"
Command line defined: "APP_GUID=115b86e5-ec45-5eae-b4f1-495cc2ae92b5"
Command line defined: "UNINSTALL_APP_KEY=115b86e5-ec45-5eae-b4f1-495cc2ae92b5"
Command line defined: "PRODUCT_NAME=SecureScanner"
Command line defined: "PRODUCT_FILENAME=SecureScanner"
Command line defined: "APP_FILENAME=rest-express"
Command line defined: "APP_DESCRIPTION="
Command line defined: "VERSION=1.0.0"
Command line defined: "PROJECT_DIR=D:\a\Scan\Scan"
Command line defined: "BUILD_RESOURCES_DIR=D:\a\Scan\Scan\build"
Command line defined: "APP_PACKAGE_NAME=rest-express"
Command line defined: "MUI_ICON=D:\a\Scan\Scan\dist\public\logo.png"
Command line defined: "MUI_UNICON=D:\a\Scan\Scan\dist\public\logo.png"
Command line defined: "APP_64=D:\a\Scan\Scan\electron-dist\rest-express-1.0.0-x64.nsis.7z"
Command line defined: "APP_64_NAME=rest-express-1.0.0-x64.nsis.7z"
Command line defined: "APP_64_HASH=99A1DDC707860FC590D5EDE046463D40B48028D2E2C7702EE7DDD506E75D18A7216F41A40C57E724B0CD5EB77B900A86251AEDBEF75DE83C05873848350BCABF"
Command line defined: "APP_64_UNPACKED_SIZE=1162636"
Command line defined: "APP_PRODUCT_FILENAME=SecureScanner"
Command line defined: "APP_INSTALLER_STORE_FILE=rest-express-updater\installer.exe"
Command line defined: "COMPRESSION_METHOD=7z"
Command line defined: "ONE_CLICK"
Command line defined: "RUN_AFTER_FINISH"
Command line defined: "SHORTCUT_NAME=SecureScanner"
Command line defined: "UNINSTALL_DISPLAY_NAME=SecureScanner 1.0.0"
Command line defined: "HEADER_ICO=D:\a\Scan\Scan\dist\public\logo.png"
Command line defined: "UNINSTALLER_ICON=D:\a\Scan\Scan\dist\public\logo.png"
Command line defined: "ESTIMATED_SIZE=1364321"
Command line defined: "COMPRESS=auto"
Command line defined: "BUILD_UNINSTALLER"
Command line defined: "UNINSTALLER_OUT_FILE=D:\a\Scan\Scan\electron-dist\SecureScanner Setup 1.0.0.__uninstaller.exe"
Processing config: C:\Users\runneradmin\AppData\Local\electron-builder\Cache\nsis\nsis-3.0.4.1-nsis-3.0.4.1\nsisconf.nsh
Processing script file: "<stdin>" (UTF8)
                                                                                                                                                                                                                                                                                                                                                                                                                                                                                                                                                                                                                                                                                                                                                                                                                                                                                                                                                                                                                                                                
Error while loading icon from "D:\a\Scan\Scan\dist\public\logo.png": invalid icon file
Error in macro MUI_INTERFACE on macroline 87
Error in macro MUI_PAGE_INIT on macroline 7
Error in macro MUI_PAGE_INSTFILES on macroline 5
!include: error in script: "oneClick.nsh" on line 8
Error in script "<stdin>" on line 114 -- aborting creation process
                                                                                                                                                                                                                                                                                                                                                                                                                                                                                                                                                                                                                                                                                                                                                                                                                                                                                                                                                                                                                                                                
    at Object.onceWrapper (node:events:639:26)
    at ChildProcess.emit (node:events:524:28)
    at ChildProcess.cp.emit (D:\a\Scan\Scan\node_modules\cross-spawn\lib\enoent.js:34:29)
    at maybeClose (node:internal/child_process:1104:16)
    at Process.ChildProcess._handle.onexit (node:internal/child_process:304:5)
Error: Process completed with exit code 1.